# JRE version: Java(TM) SE Runtime Environment (8.0_181-b13) (build 1.8.0_181-b13)
# Java VM: Java HotSpot(TM) 64-Bit Server VM (25.181-b13 mixed mode windows-amd64 compressed oops)
Heap:
 PSYoungGen      total 117760K, used 63425K [0x00000000d5d80000, 0x00000000df000000, 0x0000000100000000)
  eden space 108032K, 49% used [0x00000000d5d80000,0x00000000d91f56d8,0x00000000dc700000)
  from space 9728K, 99% used [0x00000000ddd00000,0x00000000de67b048,0x00000000de680000)
  to   space 6656K, 0% used [0x00000000de980000,0x00000000de980000,0x00000000df000000)
 ParOldGen       total 54272K, used 21634K [0x0000000081800000, 0x0000000084d00000, 0x00000000d5d80000)
  object space 54272K, 39% used [0x0000000081800000,0x0000000082d20b18,0x0000000084d00000)
 Metaspace       used 47715K, capacity 49700K, committed 49960K, reserved 1093632K
  class space    used 6718K, capacity 7113K, committed 7208K, reserved 1048576K
GC Heap History (10 events):
Event: 3.071 GC heap before
{Heap before GC invocations=7 (full 1):
 PSYoungGen      total 71680K, used 66560K [0x00000000d5d80000, 0x00000000df380000, 0x0000000100000000)
  eden space 66560K, 100% used [0x00000000d5d80000,0x00000000d9e80000,0x00000000d9e80000)
  from space 5120K, 0% used [0x00000000d9e80000,0x00000000d9e80000,0x00000000da380000)
  to   space 10240K, 0% used [0x00000000de980000,0x00000000de980000,0x00000000df380000)
 ParOldGen       total 54272K, used 6312K [0x0000000081800000, 0x0000000084d00000, 0x00000000d5d80000)
  object space 54272K, 11% used [0x0000000081800000,0x0000000081e2a370,0x0000000084d00000)
 Metaspace       used 23283K, capacity 24180K, committed 24448K, reserved 1071104K
  class space    used 3127K, capacity 3361K, committed 3456K, reserved 1048576K
Event: 3.080 GC heap after
Heap after GC invocations=7 (full 1):
 PSYoungGen      total 114688K, used 6570K [0x00000000d5d80000, 0x00000000df000000, 0x0000000100000000)
  eden space 108032K, 0% used [0x00000000d5d80000,0x00000000d5d80000,0x00000000dc700000)
  from space 6656K, 98% used [0x00000000de980000,0x00000000defeaaf8,0x00000000df000000)
  to   space 9728K, 0% used [0x00000000ddd00000,0x00000000ddd00000,0x00000000de680000)
 ParOldGen       total 54272K, used 6384K [0x0000000081800000, 0x0000000084d00000, 0x00000000d5d80000)
  object space 54272K, 11% used [0x0000000081800000,0x0000000081e3c380,0x0000000084d00000)
 Metaspace       used 23283K, capacity 24180K, committed 24448K, reserved 1071104K
  class space    used 3127K, capacity 3361K, committed 3456K, reserved 1048576K
}
Event: 4.371 GC heap before
{Heap before GC invocations=8 (full 1):
 PSYoungGen      total 114688K, used 114602K [0x00000000d5d80000, 0x00000000df000000, 0x0000000100000000)
  eden space 108032K, 100% used [0x00000000d5d80000,0x00000000dc700000,0x00000000dc700000)
  from space 6656K, 98% used [0x00000000de980000,0x00000000defeaaf8,0x00000000df000000)
  to   space 9728K, 0% used [0x00000000ddd00000,0x00000000ddd00000,0x00000000de680000)
 ParOldGen       total 54272K, used 6384K [0x0000000081800000, 0x0000000084d00000, 0x00000000d5d80000)
  object space 54272K, 11% used [0x0000000081800000,0x0000000081e3c380,0x0000000084d00000)
 Metaspace       used 29929K, capacity 31330K, committed 31488K, reserved 1077248K
  class space    used 4060K, capacity 4344K, committed 4352K, reserved 1048576K
Event: 4.386 GC heap after
Heap after GC invocations=8 (full 1):
 PSYoungGen      total 117760K, used 9705K [0x00000000d5d80000, 0x00000000df000000, 0x0000000100000000)
  eden space 108032K, 0% used [0x00000000d5d80000,0x00000000d5d80000,0x00000000dc700000)
  from space 9728K, 99% used [0x00000000ddd00000,0x00000000de67a7d8,0x00000000de680000)
  to   space 6656K, 0% used [0x00000000de980000,0x00000000de980000,0x00000000df000000)
 ParOldGen       total 54272K, used 11104K [0x0000000081800000, 0x0000000084d00000, 0x00000000d5d80000)
  object space 54272K, 20% used [0x0000000081800000,0x00000000822d8058,0x0000000084d00000)
 Metaspace       used 29929K, capacity 31330K, committed 31488K, reserved 1077248K
  class space    used 4060K, capacity 4344K, committed 4352K, reserved 1048576K
}
Event: 5.350 GC heap before
{Heap before GC invocations=9 (full 1):
 PSYoungGen      total 117760K, used 89872K [0x00000000d5d80000, 0x00000000df000000, 0x0000000100000000)
  eden space 108032K, 74% used [0x00000000d5d80000,0x00000000dabc9bc0,0x00000000dc700000)
  from space 9728K, 99% used [0x00000000ddd00000,0x00000000de67a7d8,0x00000000de680000)
  to   space 6656K, 0% used [0x00000000de980000,0x00000000de980000,0x00000000df000000)
 ParOldGen       total 54272K, used 11104K [0x0000000081800000, 0x0000000084d00000, 0x00000000d5d80000)
  object space 54272K, 20% used [0x0000000081800000,0x00000000822d8058,0x0000000084d00000)
 Metaspace       used 33767K, capacity 35356K, committed 35496K, reserved 1079296K
  class space    used 4678K, capacity 4999K, committed 5032K, reserved 1048576K
Event: 5.367 GC heap after
Heap after GC invocations=9 (full 1):
 PSYoungGen      total 114688K, used 6624K [0x00000000d5d80000, 0x00000000df000000, 0x0000000100000000)
  eden space 108032K, 0% used [0x00000000d5d80000,0x00000000d5d80000,0x00000000dc700000)
  from space 6656K, 99% used [0x00000000de980000,0x00000000deff8040,0x00000000df000000)
  to   space 9728K, 0% used [0x00000000ddd00000,0x00000000ddd00000,0x00000000de680000)
 ParOldGen       total 54272K, used 18292K [0x0000000081800000, 0x0000000084d00000, 0x00000000d5d80000)
  object space 54272K, 33% used [0x0000000081800000,0x00000000829dd330,0x0000000084d00000)
 Metaspace       used 33767K, capacity 35356K, committed 35496K, reserved 1079296K
  class space    used 4678K, capacity 4999K, committed 5032K, reserved 1048576K
}
Event: 5.367 GC heap before
{Heap before GC invocations=10 (full 2):
 PSYoungGen      total 114688K, used 6624K [0x00000000d5d80000, 0x00000000df000000, 0x0000000100000000)
  eden space 108032K, 0% used [0x00000000d5d80000,0x00000000d5d80000,0x00000000dc700000)
  from space 6656K, 99% used [0x00000000de980000,0x00000000deff8040,0x00000000df000000)
  to   space 9728K, 0% used [0x00000000ddd00000,0x00000000ddd00000,0x00000000de680000)
 ParOldGen       total 54272K, used 18292K [0x0000000081800000, 0x0000000084d00000, 0x00000000d5d80000)
  object space 54272K, 33% used [0x0000000081800000,0x00000000829dd330,0x0000000084d00000)
 Metaspace       used 33767K, capacity 35356K, committed 35496K, reserved 1079296K
  class space    used 4678K, capacity 4999K, committed 5032K, reserved 1048576K
Event: 5.485 GC heap after
Heap after GC invocations=10 (full 2):
 PSYoungGen      total 114688K, used 0K [0x00000000d5d80000, 0x00000000df000000, 0x0000000100000000)
  eden space 108032K, 0% used [0x00000000d5d80000,0x00000000d5d80000,0x00000000dc700000)
  from space 6656K, 0% used [0x00000000de980000,0x00000000de980000,0x00000000df000000)
  to   space 9728K, 0% used [0x00000000ddd00000,0x00000000ddd00000,0x00000000de680000)
 ParOldGen       total 54272K, used 18562K [0x0000000081800000, 0x0000000084d00000, 0x00000000d5d80000)
  object space 54272K, 34% used [0x0000000081800000,0x0000000082a20990,0x0000000084d00000)
 Metaspace       used 33767K, capacity 35356K, committed 35496K, reserved 1079296K
  class space    used 4678K, capacity 4999K, committed 5032K, reserved 1048576K
}
Event: 6.872 GC heap before
{Heap before GC invocations=11 (full 2):
 PSYoungGen      total 114688K, used 108032K [0x00000000d5d80000, 0x00000000df000000, 0x0000000100000000)
  eden space 108032K, 100% used [0x00000000d5d80000,0x00000000dc700000,0x00000000dc700000)
  from space 6656K, 0% used [0x00000000de980000,0x00000000de980000,0x00000000df000000)
  to   space 9728K, 0% used [0x00000000ddd00000,0x00000000ddd00000,0x00000000de680000)
 ParOldGen       total 54272K, used 18562K [0x0000000081800000, 0x0000000084d00000, 0x00000000d5d80000)
  object space 54272K, 34% used [0x0000000081800000,0x0000000082a20990,0x0000000084d00000)
 Metaspace       used 44965K, capacity 46734K, committed 47016K, reserved 1089536K
  class space    used 6346K, capacity 6704K, committed 6824K, reserved 1048576K
Event: 6.882 GC heap after
Heap after GC invocations=11 (full 2):
 PSYoungGen      total 117760K, used 9708K [0x00000000d5d80000, 0x00000000df000000, 0x0000000100000000)
  eden space 108032K, 0% used [0x00000000d5d80000,0x00000000d5d80000,0x00000000dc700000)
  from space 9728K, 99% used [0x00000000ddd00000,0x00000000de67b048,0x00000000de680000)
  to   space 6656K, 0% used [0x00000000de980000,0x00000000de980000,0x00000000df000000)
 ParOldGen       total 54272K, used 21634K [0x0000000081800000, 0x0000000084d00000, 0x00000000d5d80000)
  object space 54272K, 39% used [0x0000000081800000,0x0000000082d20b18,0x0000000084d00000)
 Metaspace       used 44965K, capacity 46734K, committed 47016K, reserved 1089536K
  class space    used 6346K, capacity 6704K, committed 6824K, reserved 1048576K
}

